<?xml version="1.0" encoding="UTF-8"?>
<coverage generated="1645549634992" clover="3.2.0">
  <project timestamp="1645549634992" name="All files">
    <metrics statements="16" coveredstatements="16" conditionals="7" coveredconditionals="6" methods="6" coveredmethods="6" elements="29" coveredelements="28" complexity="0" loc="16" ncloc="16" packages="1" files="1" classes="1"/>
    <file name="bank_account.js" path="/Users/crisch/My Drive/Makers/bank_tech_test/bank_account.js">
      <metrics statements="16" coveredstatements="16" conditionals="7" coveredconditionals="6" methods="6" coveredmethods="6"/>
      <line num="3" count="2" type="stmt"/>
      <line num="4" count="2" type="stmt"/>
      <line num="8" count="1" type="stmt"/>
      <line num="9" count="1" type="stmt"/>
      <line num="15" count="1" type="stmt"/>
      <line num="16" count="1" type="stmt"/>
      <line num="22" count="4" type="stmt"/>
      <line num="23" count="4" type="cond" truecount="2" falsecount="0"/>
      <line num="25" count="6" type="cond" truecount="2" falsecount="0"/>
      <line num="26" count="3" type="stmt"/>
      <line num="29" count="3" type="cond" truecount="1" falsecount="1"/>
      <line num="30" count="3" type="stmt"/>
      <line num="34" count="4" type="stmt"/>
      <line num="35" count="4" type="stmt"/>
      <line num="39" count="3" type="stmt"/>
      <line num="43" count="1" type="stmt"/>
    </file>
  </project>
</coverage>
