{"/Users/crisch/My Drive/Makers/bank_tech_test/bank_account.js": {"path":"/Users/crisch/My Drive/Makers/bank_tech_test/bank_account.js","statementMap":{"0":{"start":{"line":3,"column":4},"end":{"line":3,"column":27}},"1":{"start":{"line":4,"column":4},"end":{"line":4,"column":27}},"2":{"start":{"line":8,"column":4},"end":{"line":8,"column":27}},"3":{"start":{"line":9,"column":4},"end":{"line":11,"column":6}},"4":{"start":{"line":15,"column":4},"end":{"line":15,"column":27}},"5":{"start":{"line":16,"column":4},"end":{"line":18,"column":6}},"6":{"start":{"line":22,"column":19},"end":{"line":22,"column":62}},"7":{"start":{"line":23,"column":17},"end":{"line":33,"column":35}},"8":{"start":{"line":25,"column":6},"end":{"line":28,"column":7}},"9":{"start":{"line":26,"column":8},"end":{"line":27,"column":40}},"10":{"start":{"line":29,"column":6},"end":{"line":32,"column":7}},"11":{"start":{"line":30,"column":8},"end":{"line":31,"column":40}},"12":{"start":{"line":34,"column":4},"end":{"line":34,"column":31}},"13":{"start":{"line":35,"column":4},"end":{"line":35,"column":25}},"14":{"start":{"line":39,"column":4},"end":{"line":39,"column":24}},"15":{"start":{"line":43,"column":0},"end":{"line":43,"column":29}}},"fnMap":{"0":{"name":"(anonymous_0)","decl":{"start":{"line":2,"column":2},"end":{"line":2,"column":3}},"loc":{"start":{"line":2,"column":27},"end":{"line":5,"column":3}},"line":2},"1":{"name":"(anonymous_1)","decl":{"start":{"line":7,"column":2},"end":{"line":7,"column":3}},"loc":{"start":{"line":7,"column":24},"end":{"line":12,"column":3}},"line":7},"2":{"name":"(anonymous_2)","decl":{"start":{"line":14,"column":2},"end":{"line":14,"column":3}},"loc":{"start":{"line":14,"column":27},"end":{"line":19,"column":3}},"line":14},"3":{"name":"(anonymous_3)","decl":{"start":{"line":21,"column":2},"end":{"line":21,"column":3}},"loc":{"start":{"line":21,"column":19},"end":{"line":36,"column":3}},"line":21},"4":{"name":"(anonymous_4)","decl":{"start":{"line":24,"column":36},"end":{"line":24,"column":37}},"loc":{"start":{"line":24,"column":53},"end":{"line":33,"column":5}},"line":24},"5":{"name":"(anonymous_5)","decl":{"start":{"line":38,"column":2},"end":{"line":38,"column":3}},"loc":{"start":{"line":38,"column":15},"end":{"line":40,"column":3}},"line":38}},"branchMap":{"0":{"loc":{"start":{"line":2,"column":14},"end":{"line":2,"column":25}},"type":"default-arg","locations":[{"start":{"line":2,"column":24},"end":{"line":2,"column":25}}],"line":2},"1":{"loc":{"start":{"line":23,"column":17},"end":{"line":33,"column":35}},"type":"cond-expr","locations":[{"start":{"line":24,"column":4},"end":{"line":33,"column":15}},{"start":{"line":33,"column":18},"end":{"line":33,"column":35}}],"line":23},"2":{"loc":{"start":{"line":25,"column":6},"end":{"line":28,"column":7}},"type":"if","locations":[{"start":{"line":25,"column":6},"end":{"line":28,"column":7}},{"start":{},"end":{}}],"line":25},"3":{"loc":{"start":{"line":29,"column":6},"end":{"line":32,"column":7}},"type":"if","locations":[{"start":{"line":29,"column":6},"end":{"line":32,"column":7}},{"start":{},"end":{}}],"line":29}},"s":{"0":2,"1":2,"2":1,"3":1,"4":1,"5":1,"6":4,"7":4,"8":6,"9":3,"10":3,"11":3,"12":4,"13":4,"14":3,"15":1},"f":{"0":2,"1":1,"2":1,"3":4,"4":6,"5":3},"b":{"0":[2],"1":[3,1],"2":[3,3],"3":[3,0]},"_coverageSchema":"1a1c01bbd47fc00a2c39e90264f33305004495a9","hash":"01a6000952d41021fbcac835a1fc548d101dde81"}
}
