TN:
SF:bank_account.js
FN:2,(anonymous_0)
FN:7,(anonymous_1)
FN:14,(anonymous_2)
FN:21,(anonymous_3)
FN:24,(anonymous_4)
FN:38,(anonymous_5)
FNF:6
FNH:6
FNDA:2,(anonymous_0)
FNDA:1,(anonymous_1)
FNDA:1,(anonymous_2)
FNDA:4,(anonymous_3)
FNDA:6,(anonymous_4)
FNDA:3,(anonymous_5)
DA:3,2
DA:4,2
DA:8,1
DA:9,1
DA:15,1
DA:16,1
DA:22,4
DA:23,4
DA:25,6
DA:26,3
DA:29,3
DA:30,3
DA:34,4
DA:35,4
DA:39,3
DA:43,1
LF:16
LH:16
BRDA:2,0,0,2
BRDA:23,1,0,3
BRDA:23,1,1,1
BRDA:25,2,0,3
BRDA:25,2,1,3
BRDA:29,3,0,3
BRDA:29,3,1,0
BRF:7
BRH:6
end_of_record
